
> split-ledger-backend@0.1.0 test
> vitest run tests/integration/auth.test.ts


[7m[1m[36m RUN [39m[22m[27m [36mv1.6.1[39m [90mD:/split_ledger/backend[39m

 [33mÎ“Â¥Â»[39m tests/integration/auth.test.ts [2m ([22m[2m4 tests[22m [2m|[22m [31m4 failed[39m[2m)[22m[33m 4037[2mms[22m[39m
[31m   [33mÎ“Â¥Â»[31m tests/integration/auth.test.ts[2m > [22mAuth Flow Integration Tests[2m > [22mRegister Î“Ã¥Ã† login Î“Ã¥Ã† get /auth/me Î“Ã¥Ã† logout Î“Ã¥Ã† verify token invalidated[39m
[31m     Î“Ã¥Ã† expected 200 to be 401 // Object.is equality[39m
[31m   [33mÎ“Â¥Â»[31m tests/integration/auth.test.ts[2m > [22mAuth Flow Integration Tests[2m > [22mRefresh token flow: using a valid refresh token generates a new access token[39m
[31m     Î“Ã¥Ã† expected 500 to be 200 // Object.is equality[39m
[31m   [33mÎ“Â¥Â»[31m tests/integration/auth.test.ts[2m > [22mAuth Flow Integration Tests[2m > [22mPassword reset: forgot Î“Ã¥Ã† reset Î“Ã¥Ã† login with new password[39m
[31m     Î“Ã¥Ã† expected 500 to be 200 // Object.is equality[39m
[31m   [33mÎ“Â¥Â»[31m tests/integration/auth.test.ts[2m > [22mAuth Flow Integration Tests[2m > [22mRate limit: 11th login attempt within 15 min returns 429[39m
[31m     Î“Ã¥Ã† expected 500 to be 401 // Object.is equality[39m

Î“Ã„Â»Î“Ã„Â»Î“Ã„Â»Î“Ã„Â»Î“Ã„Â»Î“Ã„Â»Î“Ã„Â» Failed Tests 4 Î“Ã„Â»Î“Ã„Â»Î“Ã„Â»Î“Ã„Â»Î“Ã„Â»Î“Ã„Â»Î“Ã„Â»

 FAIL  tests/integration/auth.test.ts > Auth Flow Integration Tests > Register Î“Ã¥Ã† login Î“Ã¥Ã† get /auth/me Î“Ã¥Ã† logout Î“Ã¥Ã† verify token invalidated
AssertionError: expected 200 to be 401 // Object.is equality

- Expected
+ Received

- 401
+ 200

 Î“Â¥Â» tests/integration/auth.test.ts:117:35
    115|             .set('Cookie', cookies);
    116| 
    117|         expect(resMeAfter.status).toBe(401);
       |                                   ^
    118|     });
    119| 

Î“Ã„Â»Î“Ã„Â»Î“Ã„Â»Î“Ã„Â»Î“Ã„Â»Î“Ã„Â»Î“Ã„Â»Î“Ã„Â»Î“Ã„Â»Î“Ã„Â»Î“Ã„Â»Î“Ã„Â»Î“Ã„Â»Î“Ã„Â»Î“Ã„Â»Î“Ã„Â»Î“Ã„Â»Î“Ã„Â»Î“Ã„Â»Î“Ã„Â»Î“Ã„Â»Î“Ã„Â»Î“Ã„Â»Î“Ã„Â»[1/4]Î“Ã„Â»

 FAIL  tests/integration/auth.test.ts > Auth Flow Integration Tests > Refresh token flow: using a valid refresh token generates a new access token
AssertionError: expected 500 to be 200 // Object.is equality

- Expected
+ Received

- 200
+ 500

 Î“Â¥Â» tests/integration/auth.test.ts:148:35
    146|             .set('Cookie', initialCookies);
    147| 
    148|         expect(resRefresh.status).toBe(200);
       |                                   ^
    149|         expect(resRefresh.headers['set-cookie']).toBeDefined();
    150| 

Î“Ã„Â»Î“Ã„Â»Î“Ã„Â»Î“Ã„Â»Î“Ã„Â»Î“Ã„Â»Î“Ã„Â»Î“Ã„Â»Î“Ã„Â»Î“Ã„Â»Î“Ã„Â»Î“Ã„Â»Î“Ã„Â»Î“Ã„Â»Î“Ã„Â»Î“Ã„Â»Î“Ã„Â»Î“Ã„Â»Î“Ã„Â»Î“Ã„Â»Î“Ã„Â»Î“Ã„Â»Î“Ã„Â»Î“Ã„Â»[2/4]Î“Ã„Â»

 FAIL  tests/integration/auth.test.ts > Auth Flow Integration Tests > Password reset: forgot Î“Ã¥Ã† reset Î“Ã¥Ã† login with new password
AssertionError: expected 500 to be 200 // Object.is equality

- Expected
+ Received

- 200
+ 500

 Î“Â¥Â» tests/integration/auth.test.ts:180:34
    178|             .send({ email: user1.email });
    179| 
    180|         expect(resForgot.status).toBe(200);
       |                                  ^
    181| 
    182|         // Sniff the reset token from the DB to test the reset flow

Î“Ã„Â»Î“Ã„Â»Î“Ã„Â»Î“Ã„Â»Î“Ã„Â»Î“Ã„Â»Î“Ã„Â»Î“Ã„Â»Î“Ã„Â»Î“Ã„Â»Î“Ã„Â»Î“Ã„Â»Î“Ã„Â»Î“Ã„Â»Î“Ã„Â»Î“Ã„Â»Î“Ã„Â»Î“Ã„Â»Î“Ã„Â»Î“Ã„Â»Î“Ã„Â»Î“Ã„Â»Î“Ã„Â»Î“Ã„Â»[3/4]Î“Ã„Â»

 FAIL  tests/integration/auth.test.ts > Auth Flow Integration Tests > Rate limit: 11th login attempt within 15 min returns 429
AssertionError: expected 500 to be 401 // Object.is equality

- Expected
+ Received

- 401
+ 500

 Î“Â¥Â» tests/integration/auth.test.ts:227:38
    225| 
    226|             // 401 means auth failed but request was processed
    227|             expect(resFailed.status).toBe(401);
       |                                      ^
    228|         }
    229| 

Î“Ã„Â»Î“Ã„Â»Î“Ã„Â»Î“Ã„Â»Î“Ã„Â»Î“Ã„Â»Î“Ã„Â»Î“Ã„Â»Î“Ã„Â»Î“Ã„Â»Î“Ã„Â»Î“Ã„Â»Î“Ã„Â»Î“Ã„Â»Î“Ã„Â»Î“Ã„Â»Î“Ã„Â»Î“Ã„Â»Î“Ã„Â»Î“Ã„Â»Î“Ã„Â»Î“Ã„Â»Î“Ã„Â»Î“Ã„Â»[4/4]Î“Ã„Â»

[2m Test Files [22m [1m[31m1 failed[39m[22m[90m (1)[39m
[2m      Tests [22m [1m[31m4 failed[39m[22m[90m (4)[39m
[2m   Start at [22m 20:55:16
[2m   Duration [22m 6.00s[2m (transform 436ms, setup 148ms, collect 1.20s, tests 4.04s, environment 0ms, prepare 202ms)[22m

npm error Lifecycle script `test` failed with error:
npm error code 1
npm error path D:\split_ledger\backend
npm error workspace split-ledger-backend@0.1.0
npm error location D:\split_ledger\backend
npm error command failed
npm error command C:\WINDOWS\system32\cmd.exe /d /s /c vitest run tests/integration/auth.test.ts
