
[7m[1m[36m RUN [39m[22m[27m [36mv1.6.1[39m [90mD:/split_ledger/backend[39m

 [32mÎ“Â£Ã´[39m tests/integration/tenantContext.test.ts [2m ([22m[2m16 tests[22m[2m)[22m[90m 108[2mms[22m[39m
stderr | tests/integration/auth.test.ts > Auth Flow Integration Tests > Register Î“Ã¥Ã† login Î“Ã¥Ã† get /auth/me Î“Ã¥Ã† logout Î“Ã¥Ã† verify token invalidated
login failed in auth: {}

stderr | tests/integration/apiKeys.test.ts > API Keys Integration Tests > Revoke key Î“Ã¥Ã† use key Î“Ã¥Ã† verify 401 returned
login failed in beforeEach apiKeys: {}

stderr | tests/integration/apiKeys.test.ts > API Keys Integration Tests > Scope check: key with read scope returns correctly while denied actions will fail
login failed in beforeEach apiKeys: {}

 [33mÎ“Â¥Â»[39m tests/integration/apiKeys.test.ts [2m ([22m[2m3 tests[22m [2m|[22m [31m3 failed[39m[2m)[22m[33m 1102[2mms[22m[39m
[31m   [33mÎ“Â¥Â»[31m tests/integration/apiKeys.test.ts[2m > [22mAPI Keys Integration Tests[2m > [22mCreate key Î“Ã¥Ã† use key in request Î“Ã¥Ã† verify auth succeeds[39m
[31m     Î“Ã¥Ã† Cannot read properties of undefined (reading 'id')[39m
[31m   [33mÎ“Â¥Â»[31m tests/integration/apiKeys.test.ts[2m > [22mAPI Keys Integration Tests[2m > [22mRevoke key Î“Ã¥Ã† use key Î“Ã¥Ã† verify 401 returned[39m
[31m     Î“Ã¥Ã† Cannot read properties of undefined (reading 'id')[39m
[31m   [33mÎ“Â¥Â»[31m tests/integration/apiKeys.test.ts[2m > [22mAPI Keys Integration Tests[2m > [22mScope check: key with read scope returns correctly while denied actions will fail[39m
[31m     Î“Ã¥Ã† Cannot read properties of undefined (reading 'id')[39m
stderr | tests/integration/auth.test.ts > Auth Flow Integration Tests > Password reset: forgot Î“Ã¥Ã† reset Î“Ã¥Ã† login with new password
reset failed in auth: {}

 [33mÎ“Â¥Â»[39m tests/integration/auth.test.ts [2m ([22m[2m4 tests[22m [2m|[22m [31m4 failed[39m[2m)[22m[33m 3474[2mms[22m[39m
[31m   [33mÎ“Â¥Â»[31m tests/integration/auth.test.ts[2m > [22mAuth Flow Integration Tests[2m > [22mRegister Î“Ã¥Ã† login Î“Ã¥Ã† get /auth/me Î“Ã¥Ã† logout Î“Ã¥Ã† verify token invalidated[39m
[31m     Î“Ã¥Ã† expected 500 to be 200 // Object.is equality[39m
[31m   [33mÎ“Â¥Â»[31m tests/integration/auth.test.ts[2m > [22mAuth Flow Integration Tests[2m > [22mRefresh token flow: using a valid refresh token generates a new access token[39m
[31m     Î“Ã¥Ã† expected 500 to be 200 // Object.is equality[39m
[31m   [33mÎ“Â¥Â»[31m tests/integration/auth.test.ts[2m > [22mAuth Flow Integration Tests[2m > [22mPassword reset: forgot Î“Ã¥Ã† reset Î“Ã¥Ã† login with new password[39m
[31m     Î“Ã¥Ã† expected 500 to be 200 // Object.is equality[39m
[31m   [33mÎ“Â¥Â»[31m tests/integration/auth.test.ts[2m > [22mAuth Flow Integration Tests[2m > [22mRate limit: 11th login attempt within 15 min returns 429[39m
[31m     Î“Ã¥Ã† expected 500 to be 401 // Object.is equality[39m
 [32mÎ“Â£Ã´[39m tests/integration/tenantIsolation.test.ts [2m ([22m[2m9 tests[22m[2m)[22m[33m 10388[2mms[22m[39m

Î“Ã„Â»Î“Ã„Â»Î“Ã„Â»Î“Ã„Â»Î“Ã„Â»Î“Ã„Â»Î“Ã„Â» Failed Tests 7 Î“Ã„Â»Î“Ã„Â»Î“Ã„Â»Î“Ã„Â»Î“Ã„Â»Î“Ã„Â»Î“Ã„Â»

 FAIL  tests/integration/apiKeys.test.ts > API Keys Integration Tests > Create key Î“Ã¥Ã† use key in request Î“Ã¥Ã† verify auth succeeds
 FAIL  tests/integration/apiKeys.test.ts > API Keys Integration Tests > Revoke key Î“Ã¥Ã† use key Î“Ã¥Ã† verify 401 returned
 FAIL  tests/integration/apiKeys.test.ts > API Keys Integration Tests > Scope check: key with read scope returns correctly while denied actions will fail
TypeError: Cannot read properties of undefined (reading 'id')
 Î“Â¥Â» tests/integration/apiKeys.test.ts:71:53
     69|         // Clean all api keys
     70|         const { rows: tenantRes } = await query('SELECT id FROM tenantÎ“Ã‡Âª
     71|         const schema = getTenantSchema(tenantRes[0].id);
       |                                                     ^
     72|         const client = await tenantDb.getClient(schema);
     73|         await client.query('DELETE FROM api_keys');

Î“Ã„Â»Î“Ã„Â»Î“Ã„Â»Î“Ã„Â»Î“Ã„Â»Î“Ã„Â»Î“Ã„Â»Î“Ã„Â»Î“Ã„Â»Î“Ã„Â»Î“Ã„Â»Î“Ã„Â»Î“Ã„Â»Î“Ã„Â»Î“Ã„Â»Î“Ã„Â»Î“Ã„Â»Î“Ã„Â»Î“Ã„Â»Î“Ã„Â»Î“Ã„Â»Î“Ã„Â»Î“Ã„Â»Î“Ã„Â»[1/7]Î“Ã„Â»

 FAIL  tests/integration/auth.test.ts > Auth Flow Integration Tests > Register Î“Ã¥Ã† login Î“Ã¥Ã† get /auth/me Î“Ã¥Ã† logout Î“Ã¥Ã† verify token invalidated
AssertionError: expected 500 to be 200 // Object.is equality

- Expected
+ Received

- 200
+ 500

 Î“Â¥Â» tests/integration/auth.test.ts:97:33
     95|         }
     96| 
     97|         expect(resLogin.status).toBe(200);
       |                                 ^
     98|         expect(resLogin.headers['set-cookie']).toBeDefined();
     99|         cookies = (resLogin.headers['set-cookie'] as unknown as stringÎ“Ã‡Âª

Î“Ã„Â»Î“Ã„Â»Î“Ã„Â»Î“Ã„Â»Î“Ã„Â»Î“Ã„Â»Î“Ã„Â»Î“Ã„Â»Î“Ã„Â»Î“Ã„Â»Î“Ã„Â»Î“Ã„Â»Î“Ã„Â»Î“Ã„Â»Î“Ã„Â»Î“Ã„Â»Î“Ã„Â»Î“Ã„Â»Î“Ã„Â»Î“Ã„Â»Î“Ã„Â»Î“Ã„Â»Î“Ã„Â»Î“Ã„Â»[2/7]Î“Ã„Â»

 FAIL  tests/integration/auth.test.ts > Auth Flow Integration Tests > Refresh token flow: using a valid refresh token generates a new access token
AssertionError: expected 500 to be 200 // Object.is equality

- Expected
+ Received

- 200
+ 500

 Î“Â¥Â» tests/integration/auth.test.ts:155:35
    153|             .set('Cookie', initialCookies);
    154| 
    155|         expect(resRefresh.status).toBe(200);
       |                                   ^
    156|         expect(resRefresh.headers['set-cookie']).toBeDefined();
    157| 

Î“Ã„Â»Î“Ã„Â»Î“Ã„Â»Î“Ã„Â»Î“Ã„Â»Î“Ã„Â»Î“Ã„Â»Î“Ã„Â»Î“Ã„Â»Î“Ã„Â»Î“Ã„Â»Î“Ã„Â»Î“Ã„Â»Î“Ã„Â»Î“Ã„Â»Î“Ã„Â»Î“Ã„Â»Î“Ã„Â»Î“Ã„Â»Î“Ã„Â»Î“Ã„Â»Î“Ã„Â»Î“Ã„Â»Î“Ã„Â»[3/7]Î“Ã„Â»

 FAIL  tests/integration/auth.test.ts > Auth Flow Integration Tests > Password reset: forgot Î“Ã¥Ã† reset Î“Ã¥Ã† login with new password
AssertionError: expected 500 to be 200 // Object.is equality

- Expected
+ Received

- 200
+ 500

 Î“Â¥Â» tests/integration/auth.test.ts:220:33
    218|         }
    219| 
    220|         expect(resReset.status).toBe(200);
       |                                 ^
    221| 
    222|         // Try loggin in with new password

Î“Ã„Â»Î“Ã„Â»Î“Ã„Â»Î“Ã„Â»Î“Ã„Â»Î“Ã„Â»Î“Ã„Â»Î“Ã„Â»Î“Ã„Â»Î“Ã„Â»Î“Ã„Â»Î“Ã„Â»Î“Ã„Â»Î“Ã„Â»Î“Ã„Â»Î“Ã„Â»Î“Ã„Â»Î“Ã„Â»Î“Ã„Â»Î“Ã„Â»Î“Ã„Â»Î“Ã„Â»Î“Ã„Â»Î“Ã„Â»[4/7]Î“Ã„Â»

 FAIL  tests/integration/auth.test.ts > Auth Flow Integration Tests > Rate limit: 11th login attempt within 15 min returns 429
AssertionError: expected 500 to be 401 // Object.is equality

- Expected
+ Received

- 401
+ 500

 Î“Â¥Â» tests/integration/auth.test.ts:248:38
    246| 
    247|             // 401 means auth failed but request was processed
    248|             expect(resFailed.status).toBe(401);
       |                                      ^
    249|         }
    250| 

Î“Ã„Â»Î“Ã„Â»Î“Ã„Â»Î“Ã„Â»Î“Ã„Â»Î“Ã„Â»Î“Ã„Â»Î“Ã„Â»Î“Ã„Â»Î“Ã„Â»Î“Ã„Â»Î“Ã„Â»Î“Ã„Â»Î“Ã„Â»Î“Ã„Â»Î“Ã„Â»Î“Ã„Â»Î“Ã„Â»Î“Ã„Â»Î“Ã„Â»Î“Ã„Â»Î“Ã„Â»Î“Ã„Â»Î“Ã„Â»[5/7]Î“Ã„Â»

[2m Test Files [22m [1m[31m2 failed[39m[22m[2m | [22m[1m[32m2 passed[39m[22m[90m (4)[39m
[2m      Tests [22m [1m[31m7 failed[39m[22m[2m | [22m[1m[32m25 passed[39m[22m[90m (32)[39m
[2m   Start at [22m 21:45:30
[2m   Duration [22m 11.60s[2m (transform 544ms, setup 493ms, collect 3.20s, tests 15.07s, environment 1ms, prepare 580ms)[22m

